[2026-06-10 18:58:30]::[Hermes]::[INICIO] - Backup iniciado con timestamp 20260610-185830
[2026-06-10 18:58:30]::[Hermes]::[PREPARACION] - Directorio de backup creado: /home/paco/CONOCIMIENTO/BACKUPS/20260610-185830
[2026-06-10 18:58:30]::[Hermes]::[DOCKER] - El contenedor bookstack_db ya estaba activo.
[2026-06-10 18:58:30]::[Hermes]::[MARIADB] - Esperando a que MariaDB esté lista...
[2026-06-10 18:58:30]::[Hermes]::[MARIADB] - MariaDB operativa.
[2026-06-10 18:58:30]::[Hermes]::[BACKUP_DB] - Iniciando dump de bookstackapp.
[2026-06-10 18:58:30]::[Hermes]::[BACKUP_DB] - Dump completado: /home/paco/CONOCIMIENTO/BACKUPS/20260610-185830/bookstackapp.sql.gz
[2026-06-10 18:58:30]::[Hermes]::[DOCKER] - Parando stack para backup consistente de ficheros.
[2026-06-10 18:58:37]::[Hermes]::[DOCKER] - Stack parado.
[2026-06-10 18:58:37]::[Hermes]::[BACKUP_FILES] - Comprimiendo ficheros BookStack.
[2026-06-10 18:58:45]::[Hermes]::[BACKUP_FILES] - Compresión BookStack completada.
[2026-06-10 18:58:45]::[Hermes]::[BACKUP_NPM] - Comprimiendo datos de Nginx Proxy Manager.
[2026-06-10 18:58:45]::[Hermes]::[BACKUP_NPM] - Compresión NPM completada.
[2026-06-10 18:58:45]::[Hermes]::[DOCKER] - Reiniciando stack.
[2026-06-10 18:58:46]::[Hermes]::[DOCKER] - Stack arrancado.
[2026-06-10 18:58:46]::[Hermes]::[BACKUP_CONFIG] - Copiado compose.yaml
[2026-06-10 18:58:46]::[Hermes]::[BACKUP_CONFIG] - Copiado .env
[2026-06-10 18:58:46]::[Hermes]::[INFO] - Fichero info.txt generado.
[2026-06-10 18:58:46]::[Hermes]::[LIMPIEZA] - Conservando los últimos 3 backups.
[2026-06-10 18:58:46]::[Hermes]::[LIMPIEZA] - Limpieza completada.
[2026-06-10 18:58:46]::[Hermes]::[GIT] - Subiendo backup al repositorio.
